<?xml version="1.0" encoding="UTF-8"?>
<!-- Generated by org.testng.reporters.JUnitReportReporter -->
<testsuite skipped="0" hostname="LAPTOP-RU5PQFBC" name="com.api.Response_Code_Validation" tests="1" failures="0" timestamp="2021-12-01T18:17:51 IST" time="2.277" errors="0">
  <testcase name="data_Validation" time="2.277" classname="com.api.Response_Code_Validation"/>
  <system-out/>
</testsuite> <!-- com.api.Response_Code_Validation -->
