<?xml version="1.0" encoding="UTF-8"?>
<!-- Generated by org.testng.reporters.JUnitReportReporter -->
<testsuite skipped="0" hostname="LAPTOP-RU5PQFBC" name="com.testng.features.Grouping_Test" tests="10" failures="0" timestamp="2021-11-23T19:31:10 IST" time="0.016" errors="0">
  <testcase name="tshirts" time="0.016" classname="com.testng.features.Grouping_Test"/>
  <system-out/>
  <testcase name="wynkMusic" time="0.000" classname="com.testng.features.Grouping_Test"/>
  <system-out/>
  <testcase name="dresses" time="0.000" classname="com.testng.features.Grouping_Test"/>
  <system-out/>
  <testcase name="facebook" time="0.000" classname="com.testng.features.Grouping_Test"/>
  <system-out/>
  <testcase name="twitter" time="0.000" classname="com.testng.features.Grouping_Test"/>
  <system-out/>
  <testcase name="instagram" time="0.000" classname="com.testng.features.Grouping_Test"/>
  <system-out/>
  <testcase name="watsapp" time="0.000" classname="com.testng.features.Grouping_Test"/>
  <system-out/>
  <testcase name="women" time="0.000" classname="com.testng.features.Grouping_Test"/>
  <system-out/>
  <testcase name="jiosaavn" time="0.000" classname="com.testng.features.Grouping_Test"/>
  <system-out/>
  <testcase name="spotify" time="0.000" classname="com.testng.features.Grouping_Test"/>
  <system-out/>
</testsuite> <!-- com.testng.features.Grouping_Test -->
