<?xml version="1.0" encoding="UTF-8"?>
<!-- Generated by org.testng.reporters.JUnitReportReporter -->
<testsuite skipped="0" hostname="LAPTOP-RU5PQFBC" name="com.Runner.Testng_Runner" tests="2" failures="0" timestamp="2021-11-28T11:17:53 IST" time="43.942" errors="0">
  <testcase name="Women" time="30.432" classname="com.Runner.Testng_Runner"/>
  <system-out/>
  <testcase name="tshirts" time="13.510" classname="com.Runner.Testng_Runner"/>
  <system-out/>
</testsuite> <!-- com.Runner.Testng_Runner -->
