<?xml version="1.0" encoding="UTF-8"?>
<!-- Generated by org.testng.reporters.JUnitReportReporter -->
<testsuite skipped="0" hostname="LAPTOP-RU5PQFBC" name="com.Runner.Adactin.Testng_Adactin" tests="3" failures="0" timestamp="2021-11-25T21:20:47 IST" time="5.680" errors="0">
  <testcase name="login" time="1.838" classname="com.Runner.Adactin.Testng_Adactin"/>
  <system-out/>
  <testcase name="hotelSearch" time="2.561" classname="com.Runner.Adactin.Testng_Adactin"/>
  <system-out/>
  <testcase name="bookHotel" time="1.281" classname="com.Runner.Adactin.Testng_Adactin"/>
  <system-out/>
</testsuite> <!-- com.Runner.Adactin.Testng_Adactin -->
