<?xml version="1.0" encoding="UTF-8"?>
<!-- Generated by org.testng.reporters.JUnitReportReporter -->
<testsuite skipped="1" hostname="LAPTOP-RU5PQFBC" name="com.testng.features.Ignore_Concept" tests="2" failures="0" timestamp="2021-11-20T20:21:08 IST" time="0.011" errors="0">
  <testcase name="casualWear" time="0.011" classname="com.testng.features.Ignore_Concept"/>
  <system-out/>
  <testcase name="tshirts" classname="com.testng.features.Ignore_Concept">
    <skipped/>
  </testcase> <!-- tshirts -->
  <system-out/>
</testsuite> <!-- com.testng.features.Ignore_Concept -->
