<?xml version="1.0" encoding="UTF-8"?>
<!-- Generated by org.testng.reporters.JUnitReportReporter -->
<testsuite skipped="0" hostname="LAPTOP-RU5PQFBC" name="com.testng.features.Data_Provider" tests="3" failures="0" timestamp="2021-11-25T21:00:32 IST" time="0.012" errors="0">
  <testcase name="credentials" time="0.010" classname="com.testng.features.Data_Provider"/>
  <system-out/>
  <testcase name="credentials" time="0.001" classname="com.testng.features.Data_Provider"/>
  <system-out/>
  <testcase name="credentials" time="0.001" classname="com.testng.features.Data_Provider"/>
  <system-out/>
</testsuite> <!-- com.testng.features.Data_Provider -->
