<?xml version="1.0" encoding="UTF-8"?>
<!-- Generated by org.testng.reporters.JUnitReportReporter -->
<testsuite skipped="0" hostname="LAPTOP-RU5PQFBC" name="com.testng.features.ExpectedExceptions_Concept" tests="1" failures="0" timestamp="2021-11-22T15:13:40 IST" time="0.011" errors="0">
  <testcase name="demo" time="0.011" classname="com.testng.features.ExpectedExceptions_Concept"/>
  <system-out/>
</testsuite> <!-- com.testng.features.ExpectedExceptions_Concept -->
