<?xml version="1.0" encoding="UTF-8"?>
<!-- Generated by org.testng.reporters.JUnitReportReporter -->
<testsuite skipped="1" hostname="LAPTOP-RU5PQFBC" name="com.testng.features.Priority_Concept" tests="4" failures="0" timestamp="2021-11-22T15:01:24 IST" time="0.013" errors="0">
  <testcase name="women" time="0.011" classname="com.testng.features.Priority_Concept"/>
  <system-out/>
  <testcase name="dresses" time="0.001" classname="com.testng.features.Priority_Concept"/>
  <system-out/>
  <testcase name="pants" time="0.001" classname="com.testng.features.Priority_Concept"/>
  <system-out/>
  <testcase name="tshirts" classname="com.testng.features.Priority_Concept">
    <skipped/>
  </testcase> <!-- tshirts -->
  <system-out/>
</testsuite> <!-- com.testng.features.Priority_Concept -->
