<?xml version="1.0" encoding="UTF-8"?>
<!-- Generated by org.testng.reporters.JUnitReportReporter -->
<testsuite skipped="0" hostname="LAPTOP-RU5PQFBC" name="com.testng.features.Timeout_Concept" tests="1" failures="0" timestamp="2021-11-22T15:11:01 IST" time="3.018" errors="0">
  <testcase name="login" time="3.018" classname="com.testng.features.Timeout_Concept"/>
  <system-out/>
</testsuite> <!-- com.testng.features.Timeout_Concept -->
