<?xml version="1.0" encoding="UTF-8"?>
<!-- Generated by org.testng.reporters.JUnitReportReporter -->
<testsuite skipped="0" hostname="LAPTOP-RU5PQFBC" name="com.api.Adactin_ResponseData" tests="1" failures="0" timestamp="2021-12-01T18:13:15 IST" time="4.142" errors="0">
  <testcase name="adactin_StatusCode" time="4.142" classname="com.api.Adactin_ResponseData"/>
  <system-out/>
</testsuite> <!-- com.api.Adactin_ResponseData -->
