<?xml version="1.0" encoding="UTF-8"?>
<!-- Generated by org.testng.reporters.JUnitReportReporter -->
<testsuite skipped="0" hostname="LAPTOP-RU5PQFBC" name="com.testng.features.InvocationCount_Concept" tests="6" failures="0" timestamp="2021-11-22T15:05:09 IST" time="0.017" errors="0">
  <testcase name="browserLaunch" time="0.011" classname="com.testng.features.InvocationCount_Concept"/>
  <system-out/>
  <testcase name="refresh" time="0.001" classname="com.testng.features.InvocationCount_Concept"/>
  <system-out/>
  <testcase name="refresh" time="0.001" classname="com.testng.features.InvocationCount_Concept"/>
  <system-out/>
  <testcase name="refresh" time="0.002" classname="com.testng.features.InvocationCount_Concept"/>
  <system-out/>
  <testcase name="click" time="0.001" classname="com.testng.features.InvocationCount_Concept"/>
  <system-out/>
  <testcase name="click" time="0.001" classname="com.testng.features.InvocationCount_Concept"/>
  <system-out/>
</testsuite> <!-- com.testng.features.InvocationCount_Concept -->
