<?xml version="1.0" encoding="UTF-8"?>
<!-- Generated by org.testng.reporters.JUnitReportReporter -->
<testsuite skipped="0" hostname="LAPTOP-RU5PQFBC" name="com.testng.features.Simple_Annotations" tests="3" failures="0" timestamp="2021-11-22T15:16:44 IST" time="0.013" errors="0">
  <testcase name="dresses" time="0.008" classname="com.testng.features.Simple_Annotations"/>
  <system-out/>
  <testcase name="tshirts" time="0.002" classname="com.testng.features.Simple_Annotations"/>
  <system-out/>
  <testcase name="women" time="0.003" classname="com.testng.features.Simple_Annotations"/>
  <system-out/>
</testsuite> <!-- com.testng.features.Simple_Annotations -->
