<?xml version="1.0" encoding="UTF-8"?>
<!-- Generated by org.testng.reporters.JUnitReportReporter -->
<testsuite skipped="0" hostname="LAPTOP-RU5PQFBC" name="com.testng.features.ParameterizedTest" tests="1" failures="0" timestamp="2021-11-24T21:13:17 IST" time="0.010" errors="0">
  <testcase name="credentials" time="0.010" classname="com.testng.features.ParameterizedTest"/>
  <system-out/>
</testsuite> <!-- com.testng.features.ParameterizedTest -->
